*********B********
[[ 5.12000180e+00  5.12000180e+00  0.00000000e+00]
 [ 0.00000000e+00 -4.67839244e-13  5.12000180e+00]
 [ 0.00000000e+00  0.00000000e+00 -5.12000180e+00]]
*********B********
*********B********
[[ 5.12000180e+00  5.12000180e+00  0.00000000e+00]
 [ 0.00000000e+00 -4.67839244e-13  5.12000180e+00]
 [ 0.00000000e+00  0.00000000e+00 -5.12000180e+00]]
*********B********
********* START ********
*********B********
[[ 5.12000180e+00  5.12000180e+00  0.00000000e+00]
 [ 0.00000000e+00 -4.67839244e-13  5.12000180e+00]
 [ 0.00000000e+00  0.00000000e+00 -5.12000180e+00]]
*********B********
golub step
mu: 52.42883694093281
############S#############
[[ 5.12000180e+00  5.12000180e+00  0.00000000e+00]
 [ 0.00000000e+00 -4.67839244e-13  5.12000180e+00]
 [ 0.00000000e+00  0.00000000e+00 -5.12000180e+00]]
#########################
[[-4.45579577e-13 -7.24077599e+00  0.00000000e+00]
 [-3.30812302e-13  3.30812302e-13  5.12000180e+00]
 [ 0.00000000e+00  0.00000000e+00 -5.12000180e+00]]
ASASSA
#########################
[[-4.45579577e-13 -7.24077599e+00  0.00000000e+00]
 [-3.30812302e-13  3.30812302e-13  5.12000180e+00]
 [ 0.00000000e+00  0.00000000e+00 -5.12000180e+00]]
#############AAA############
#########################
[[ 5.54957601e-13  5.81367279e+00 -3.05205223e+00]
 [-1.60758418e-29 -4.31625365e+00 -4.11088746e+00]
 [ 0.00000000e+00  0.00000000e+00 -5.12000180e+00]]
#############AAA############
[[ 5.54957601e-13  6.56611104e+00 -1.61585797e-16]
 [-1.60758418e-29 -1.91081801e+00 -5.64607968e+00]
 [ 0.00000000e+00  2.37987339e+00 -4.53327929e+00]]
#########################
#########################
[[ 5.54957601e-13  6.56611104e+00 -1.61585797e-16]
 [-1.60758418e-29 -1.91081801e+00 -5.64607968e+00]
 [ 0.00000000e+00  2.37987339e+00 -4.53327929e+00]]
#############AAA############
-1.9108180088317197 2.3798733870921835
-0.626076445023297 -0.7797616847389917
[[ 5.54957601e-13  6.56611104e+00 -1.61585797e-16]
 [ 1.00647059e-29  3.05205223e+00 -1.21717469e-13]
 [ 1.25353255e-29  3.19002967e-16  7.24077599e+00]]
#############AAA############
#########################
[[ 5.54957601e-13  6.56611104e+00 -1.61585797e-16]
 [ 1.00647059e-29  3.05205223e+00 -1.21717469e-13]
 [ 1.25353255e-29  3.19002967e-16  7.24077599e+00]]
#########################
*********B********
[[ 5.54957601e-13  6.56611104e+00 -1.61585797e-16]
 [ 1.00647059e-29  3.05205223e+00 -1.21717469e-13]
 [ 1.25353255e-29  3.19002967e-16  7.24077599e+00]]
*********B********
golub step
mu: 52.42883694093354
############S#############
[[ 5.54957601e-13  6.56611104e+00 -1.61585797e-16]
 [ 1.00647059e-29  3.05205223e+00 -1.21717469e-13]
 [ 1.25353255e-29  3.19002967e-16  7.24077599e+00]]
#########################
[[-9.85992253e-14 -6.56611104e+00 -1.61585797e-16]
 [ 2.12123979e-13 -3.05205223e+00 -1.21717469e-13]
 [ 9.63604434e-30 -3.19002967e-16  7.24077599e+00]]
ASASSA
#########################
[[-9.85992253e-14 -6.56611104e+00 -1.61585797e-16]
 [ 2.12123979e-13 -3.05205223e+00 -1.21717469e-13]
 [ 9.63604434e-30 -3.19002967e-16  7.24077599e+00]]
#############AAA############
#########################
[[ 2.33919622e-13  1.38458562e-12 -1.10308239e-13]
 [ 1.41225169e-30  7.24077599e+00  5.14515381e-14]
 [ 9.63604434e-30 -3.19002967e-16  7.24077599e+00]]
#############AAA############
[[ 2.33919622e-13  1.38897274e-12  3.71664872e-30]
 [ 1.41225169e-30  7.21790579e+00  5.75041703e-01]
 [ 9.63604434e-30 -5.75041703e-01  7.21790579e+00]]
#########################
#########################
[[ 2.33919622e-13  1.38897274e-12  3.71664872e-30]
 [ 1.41225169e-30  7.21790579e+00  5.75041703e-01]
 [ 9.63604434e-30 -5.75041703e-01  7.21790579e+00]]
#############AAA############
7.217905789160739 -0.5750417025996997
0.996841470980945 0.07941713752425181
[[ 2.33919622e-13  1.38897274e-12  3.71664872e-30]
 [ 6.42523994e-31  7.24077599e+00 -8.08226816e-17]
 [ 9.71776560e-30 -1.64619188e-17  7.24077599e+00]]
#############AAA############
#########################
[[ 2.33919622e-13  1.38897274e-12  3.71664872e-30]
 [ 6.42523994e-31  7.24077599e+00 -8.08226816e-17]
 [ 9.71776560e-30 -1.64619188e-17  7.24077599e+00]]
#########################
*********B********
[[ 2.33919622e-13  1.38897274e-12  3.71664872e-30]
 [ 6.42523994e-31  7.24077599e+00  0.00000000e+00]
 [ 9.71776560e-30 -1.64619188e-17  7.24077599e+00]]
*********B********
golub step
mu: 52.42883694092888
############S#############
[[2.33919622e-13 1.38897274e-12]
 [6.42523994e-31 7.24077599e+00]]
#########################
[[-2.33919622e-13 -1.38897274e-12]
 [ 4.48719830e-26 -7.24077599e+00]]
ASASSA
#########################
[[-2.33919622e-13 -1.38897274e-12]
 [ 4.48719830e-26 -7.24077599e+00]]
#############AAA############
#########################
[[-2.33919622e-13 -1.38897274e-12]
 [ 4.48719830e-26 -7.24077599e+00]]
#############AAA############
-2.3391962197692897e-13 4.4871983007750067e-26
-1.0 -1.9182650274706626e-13
[[ 2.33919622e-13 -1.25839449e-28]
 [ 0.00000000e+00  7.24077599e+00]]
#############AAA############
#########################
[[ 2.33919622e-13 -1.25839449e-28]
 [ 0.00000000e+00  7.24077599e+00]]
#########################
[[-7.07106764e-01 -2.77917261e-01  6.50201523e-01]
 [-3.26033597e-14 -9.19523790e-01 -3.93034350e-01]
 [-7.07106798e-01  2.77917248e-01 -6.50201492e-01]]
[[-7.07106781e-01 -1.89468853e-08  7.07106781e-01]
 [-6.50201516e-01 -3.93034302e-01 -6.50201527e-01]
 [-2.77917232e-01  9.19523810e-01 -2.77917208e-01]]
[[ 2.33919622e-13  0.00000000e+00  3.71664872e-30]
 [ 0.00000000e+00  7.24077599e+00  0.00000000e+00]
 [ 9.71776560e-30 -1.64619188e-17  7.24077599e+00]]
[[ 1.22080583e-07  5.12000193e+00  2.59270503e-07]
 [ 5.12000180e+00 -3.81351547e-07  5.12000180e+00]
 [-1.22080579e-07 -5.12000168e+00 -2.59270961e-07]]
